ffmpeg version 7.1.1 Copyright (c) 2000-2025 the FFmpeg developers
  built with Apple clang version 16.0.0 (clang-1600.0.26.6)
  configuration: --prefix=/opt/homebrew/Cellar/ffmpeg/7.1.1_1 --enable-shared --enable-pthreads --enable-version3 --cc=clang --host-cflags= --host-ldflags='-Wl,-ld_classic' --enable-ffplay --enable-gnutls --enable-gpl --enable-libaom --enable-libaribb24 --enable-libbluray --enable-libdav1d --enable-libharfbuzz --enable-libjxl --enable-libmp3lame --enable-libopus --enable-librav1e --enable-librist --enable-librubberband --enable-libsnappy --enable-libsrt --enable-libssh --enable-libsvtav1 --enable-libtesseract --enable-libtheora --enable-libvidstab --enable-libvmaf --enable-libvorbis --enable-libvpx --enable-libwebp --enable-libx264 --enable-libx265 --enable-libxml2 --enable-libxvid --enable-lzma --enable-libfontconfig --enable-libfreetype --enable-frei0r --enable-libass --enable-libopencore-amrnb --enable-libopencore-amrwb --enable-libopenjpeg --enable-libspeex --enable-libsoxr --enable-libzmq --enable-libzimg --disable-libjack --disable-indev=jack --enable-videotoolbox --enable-audiotoolbox --enable-neon
  libavutil      59. 39.100 / 59. 39.100
  libavcodec     61. 19.101 / 61. 19.101
  libavformat    61.  7.100 / 61.  7.100
  libavdevice    61.  3.100 / 61.  3.100
  libavfilter    10.  4.100 / 10.  4.100
  libswscale      8.  3.100 /  8.  3.100
  libswresample   5.  3.100 /  5.  3.100
  libpostproc    58.  3.100 / 58.  3.100
[aac @ 0x149f066f0] Estimating duration from bitrate, this may be inaccurate
Input #0, aac, from 'OUTPUT_HLS/AUDIO_HLS/audio_1.aac':
  Duration: 01:33:42.50, bitrate: 15 kb/s
  Stream #0:0: Audio: aac (LC), 44100 Hz, stereo, fltp, 15 kb/s
Stream mapping:
  Stream #0:0 -> #0:0 (aac (native) -> aac (native))
Press [q] to stop, [?] for help
[mpegts @ 0x14b8063c0] frame size not set
Output #0, hls, to 'OUTPUT_HLS/AUDIO_HLS/audio_1.m3u8':
  Metadata:
    encoder         : Lavf61.7.100
  Stream #0:0: Audio: aac (LC), 44100 Hz, stereo, fltp, 128 kb/s
      Metadata:
        encoder         : Lavc61.19.101 aac
[hls @ 0x149f06e30] Opening 'OUTPUT_HLS/AUDIO_HLS/audio_10.ts' for writing
[hls @ 0x149f06e30] Opening 'OUTPUT_HLS/AUDIO_HLS/audio_1.m3u8.tmp' for writing
[hls @ 0x149f06e30] Opening 'OUTPUT_HLS/AUDIO_HLS/audio_11.ts' for writing
[hls @ 0x149f06e30] Opening 'OUTPUT_HLS/AUDIO_HLS/audio_1.m3u8.tmp' for writing
[hls @ 0x149f06e30] Opening 'OUTPUT_HLS/AUDIO_HLS/audio_12.ts' for writing
[hls @ 0x149f06e30] Opening 'OUTPUT_HLS/AUDIO_HLS/audio_1.m3u8.tmp' for writing
[hls @ 0x149f06e30] Opening 'OUTPUT_HLS/AUDIO_HLS/audio_13.ts' for writing
[hls @ 0x149f06e30] Opening 'OUTPUT_HLS/AUDIO_HLS/audio_1.m3u8.tmp' for writing
[hls @ 0x149f06e30] Opening 'OUTPUT_HLS/AUDIO_HLS/audio_14.ts' for writing
[hls @ 0x149f06e30] Opening 'OUTPUT_HLS/AUDIO_HLS/audio_1.m3u8.tmp' for writing
[hls @ 0x149f06e30] Opening 'OUTPUT_HLS/AUDIO_HLS/audio_15.ts' for writing
[hls @ 0x149f06e30] Opening 'OUTPUT_HLS/AUDIO_HLS/audio_1.m3u8.tmp' for writing
size=N/A time=00:01:01.32 bitrate=N/A speed= 121x    [hls @ 0x149f06e30] Opening 'OUTPUT_HLS/AUDIO_HLS/audio_16.ts' for writing
[hls @ 0x149f06e30] Opening 'OUTPUT_HLS/AUDIO_HLS/audio_1.m3u8.tmp' for writing
[hls @ 0x149f06e30] Opening 'OUTPUT_HLS/AUDIO_HLS/audio_17.ts' for writing
[hls @ 0x149f06e30] Opening 'OUTPUT_HLS/AUDIO_HLS/audio_1.m3u8.tmp' for writing
[hls @ 0x149f06e30] Opening 'OUTPUT_HLS/AUDIO_HLS/audio_18.ts' for writing
[hls @ 0x149f06e30] Opening 'OUTPUT_HLS/AUDIO_HLS/audio_1.m3u8.tmp' for writing
[hls @ 0x149f06e30] Opening 'OUTPUT_HLS/AUDIO_HLS/audio_19.ts' for writing
[hls @ 0x149f06e30] Opening 'OUTPUT_HLS/AUDIO_HLS/audio_1.m3u8.tmp' for writing
[hls @ 0x149f06e30] Opening 'OUTPUT_HLS/AUDIO_HLS/audio_110.ts' for writing
[hls @ 0x149f06e30] Opening 'OUTPUT_HLS/AUDIO_HLS/audio_1.m3u8.tmp' for writing
[hls @ 0x149f06e30] Opening 'OUTPUT_HLS/AUDIO_HLS/audio_111.ts' for writing
[hls @ 0x149f06e30] Opening 'OUTPUT_HLS/AUDIO_HLS/audio_1.m3u8.tmp' for writing
size=N/A time=00:02:09.10 bitrate=N/A speed= 128x    [hls @ 0x149f06e30] Opening 'OUTPUT_HLS/AUDIO_HLS/audio_112.ts' for writing
[hls @ 0x149f06e30] Opening 'OUTPUT_HLS/AUDIO_HLS/audio_1.m3u8.tmp' for writing
[hls @ 0x149f06e30] Opening 'OUTPUT_HLS/AUDIO_HLS/audio_113.ts' for writing
[hls @ 0x149f06e30] Opening 'OUTPUT_HLS/AUDIO_HLS/audio_1.m3u8.tmp' for writing
[hls @ 0x149f06e30] Opening 'OUTPUT_HLS/AUDIO_HLS/audio_114.ts' for writing
[hls @ 0x149f06e30] Opening 'OUTPUT_HLS/AUDIO_HLS/audio_1.m3u8.tmp' for writing
[hls @ 0x149f06e30] Opening 'OUTPUT_HLS/AUDIO_HLS/audio_115.ts' for writing
[hls @ 0x149f06e30] Opening 'OUTPUT_HLS/AUDIO_HLS/audio_1.m3u8.tmp' for writing
[hls @ 0x149f06e30] Opening 'OUTPUT_HLS/AUDIO_HLS/audio_116.ts' for writing
[hls @ 0x149f06e30] Opening 'OUTPUT_HLS/AUDIO_HLS/audio_1.m3u8.tmp' for writing
[hls @ 0x149f06e30] Opening 'OUTPUT_HLS/AUDIO_HLS/audio_117.ts' for writing
[hls @ 0x149f06e30] Opening 'OUTPUT_HLS/AUDIO_HLS/audio_1.m3u8.tmp' for writing
size=N/A time=00:03:08.94 bitrate=N/A speed= 125x    [hls @ 0x149f06e30] Opening 'OUTPUT_HLS/AUDIO_HLS/audio_118.ts' for writing
[hls @ 0x149f06e30] Opening 'OUTPUT_HLS/AUDIO_HLS/audio_1.m3u8.tmp' for writing
[hls @ 0x149f06e30] Opening 'OUTPUT_HLS/AUDIO_HLS/audio_119.ts' for writing
[hls @ 0x149f06e30] Opening 'OUTPUT_HLS/AUDIO_HLS/audio_1.m3u8.tmp' for writing
[hls @ 0x149f06e30] Opening 'OUTPUT_HLS/AUDIO_HLS/audio_120.ts' for writing
[hls @ 0x149f06e30] Opening 'OUTPUT_HLS/AUDIO_HLS/audio_1.m3u8.tmp' for writing
[hls @ 0x149f06e30] Opening 'OUTPUT_HLS/AUDIO_HLS/audio_121.ts' for writing
[hls @ 0x149f06e30] Opening 'OUTPUT_HLS/AUDIO_HLS/audio_1.m3u8.tmp' for writing
[hls @ 0x149f06e30] Opening 'OUTPUT_HLS/AUDIO_HLS/audio_122.ts' for writing
[hls @ 0x149f06e30] Opening 'OUTPUT_HLS/AUDIO_HLS/audio_1.m3u8.tmp' for writing
size=N/A time=00:03:59.93 bitrate=N/A speed= 119x    [hls @ 0x149f06e30] Opening 'OUTPUT_HLS/AUDIO_HLS/audio_123.ts' for writing
[hls @ 0x149f06e30] Opening 'OUTPUT_HLS/AUDIO_HLS/audio_1.m3u8.tmp' for writing
[hls @ 0x149f06e30] Opening 'OUTPUT_HLS/AUDIO_HLS/audio_124.ts' for writing
[hls @ 0x149f06e30] Opening 'OUTPUT_HLS/AUDIO_HLS/audio_1.m3u8.tmp' for writing
[hls @ 0x149f06e30] Opening 'OUTPUT_HLS/AUDIO_HLS/audio_125.ts' for writing
[hls @ 0x149f06e30] Opening 'OUTPUT_HLS/AUDIO_HLS/audio_1.m3u8.tmp' for writing
[hls @ 0x149f06e30] Opening 'OUTPUT_HLS/AUDIO_HLS/audio_126.ts' for writing
[hls @ 0x149f06e30] Opening 'OUTPUT_HLS/AUDIO_HLS/audio_1.m3u8.tmp' for writing
[hls @ 0x149f06e30] Opening 'OUTPUT_HLS/AUDIO_HLS/audio_127.ts' for writing
[hls @ 0x149f06e30] Opening 'OUTPUT_HLS/AUDIO_HLS/audio_1.m3u8.tmp' for writing
[hls @ 0x149f06e30] Opening 'OUTPUT_HLS/AUDIO_HLS/audio_128.ts' for writing
[hls @ 0x149f06e30] Opening 'OUTPUT_HLS/AUDIO_HLS/audio_1.m3u8.tmp' for writing
[hls @ 0x149f06e30] Opening 'OUTPUT_HLS/AUDIO_HLS/audio_129.ts' for writing
[hls @ 0x149f06e30] Opening 'OUTPUT_HLS/AUDIO_HLS/audio_1.m3u8.tmp' for writing
size=N/A time=00:05:05.57 bitrate=N/A speed= 121x    [hls @ 0x149f06e30] Opening 'OUTPUT_HLS/AUDIO_HLS/audio_130.ts' for writing
[hls @ 0x149f06e30] Opening 'OUTPUT_HLS/AUDIO_HLS/audio_1.m3u8.tmp' for writing
[hls @ 0x149f06e30] Opening 'OUTPUT_HLS/AUDIO_HLS/audio_131.ts' for writing
[hls @ 0x149f06e30] Opening 'OUTPUT_HLS/AUDIO_HLS/audio_1.m3u8.tmp' for writing
[hls @ 0x149f06e30] Opening 'OUTPUT_HLS/AUDIO_HLS/audio_132.ts' for writing
[hls @ 0x149f06e30] Opening 'OUTPUT_HLS/AUDIO_HLS/audio_1.m3u8.tmp' for writing
[hls @ 0x149f06e30] Opening 'OUTPUT_HLS/AUDIO_HLS/audio_133.ts' for writing
[hls @ 0x149f06e30] Opening 'OUTPUT_HLS/AUDIO_HLS/audio_1.m3u8.tmp' for writing
[hls @ 0x149f06e30] Opening 'OUTPUT_HLS/AUDIO_HLS/audio_134.ts' for writing
[hls @ 0x149f06e30] Opening 'OUTPUT_HLS/AUDIO_HLS/audio_1.m3u8.tmp' for writing
[hls @ 0x149f06e30] Opening 'OUTPUT_HLS/AUDIO_HLS/audio_135.ts' for writing
[hls @ 0x149f06e30] Opening 'OUTPUT_HLS/AUDIO_HLS/audio_1.m3u8.tmp' for writing
size=N/A time=00:06:09.87 bitrate=N/A speed= 122x    [hls @ 0x149f06e30] Opening 'OUTPUT_HLS/AUDIO_HLS/audio_136.ts' for writing
[hls @ 0x149f06e30] Opening 'OUTPUT_HLS/AUDIO_HLS/audio_1.m3u8.tmp' for writing
[hls @ 0x149f06e30] Opening 'OUTPUT_HLS/AUDIO_HLS/audio_137.ts' for writing
[hls @ 0x149f06e30] Opening 'OUTPUT_HLS/AUDIO_HLS/audio_1.m3u8.tmp' for writing
[hls @ 0x149f06e30] Opening 'OUTPUT_HLS/AUDIO_HLS/audio_138.ts' for writing
[hls @ 0x149f06e30] Opening 'OUTPUT_HLS/AUDIO_HLS/audio_1.m3u8.tmp' for writing
[hls @ 0x149f06e30] Opening 'OUTPUT_HLS/AUDIO_HLS/audio_139.ts' for writing
[hls @ 0x149f06e30] Opening 'OUTPUT_HLS/AUDIO_HLS/audio_1.m3u8.tmp' for writing
[hls @ 0x149f06e30] Opening 'OUTPUT_HLS/AUDIO_HLS/audio_140.ts' for writing
[hls @ 0x149f06e30] Opening 'OUTPUT_HLS/AUDIO_HLS/audio_1.m3u8.tmp' for writing
[hls @ 0x149f06e30] Opening 'OUTPUT_HLS/AUDIO_HLS/audio_141.ts' for writing
[hls @ 0x149f06e30] Opening 'OUTPUT_HLS/AUDIO_HLS/audio_1.m3u8.tmp' for writing
[hls @ 0x149f06e30] Opening 'OUTPUT_HLS/AUDIO_HLS/audio_142.ts' for writing
[hls @ 0x149f06e30] Opening 'OUTPUT_HLS/AUDIO_HLS/audio_1.m3u8.tmp' for writing
size=N/A time=00:07:15.35 bitrate=N/A speed= 123x    [hls @ 0x149f06e30] Opening 'OUTPUT_HLS/AUDIO_HLS/audio_143.ts' for writing
[hls @ 0x149f06e30] Opening 'OUTPUT_HLS/AUDIO_HLS/audio_1.m3u8.tmp' for writing
[hls @ 0x149f06e30] Opening 'OUTPUT_HLS/AUDIO_HLS/audio_144.ts' for writing
[hls @ 0x149f06e30] Opening 'OUTPUT_HLS/AUDIO_HLS/audio_1.m3u8.tmp' for writing
[hls @ 0x149f06e30] Opening 'OUTPUT_HLS/AUDIO_HLS/audio_145.ts' for writing
[hls @ 0x149f06e30] Opening 'OUTPUT_HLS/AUDIO_HLS/audio_1.m3u8.tmp' for writing
[hls @ 0x149f06e30] Opening 'OUTPUT_HLS/AUDIO_HLS/audio_146.ts' for writing
[hls @ 0x149f06e30] Opening 'OUTPUT_HLS/AUDIO_HLS/audio_1.m3u8.tmp' for writing
[hls @ 0x149f06e30] Opening 'OUTPUT_HLS/AUDIO_HLS/audio_147.ts' for writing
[hls @ 0x149f06e30] Opening 'OUTPUT_HLS/AUDIO_HLS/audio_1.m3u8.tmp' for writing
[hls @ 0x149f06e30] Opening 'OUTPUT_HLS/AUDIO_HLS/audio_148.ts' for writing
[hls @ 0x149f06e30] Opening 'OUTPUT_HLS/AUDIO_HLS/audio_1.m3u8.tmp' for writing
size=N/A time=00:08:17.95 bitrate=N/A speed= 123x    [hls @ 0x149f06e30] Opening 'OUTPUT_HLS/AUDIO_HLS/audio_149.ts' for writing
[hls @ 0x149f06e30] Opening 'OUTPUT_HLS/AUDIO_HLS/audio_1.m3u8.tmp' for writing
[hls @ 0x149f06e30] Opening 'OUTPUT_HLS/AUDIO_HLS/audio_150.ts' for writing
[hls @ 0x149f06e30] Opening 'OUTPUT_HLS/AUDIO_HLS/audio_1.m3u8.tmp' for writing
[hls @ 0x149f06e30] Opening 'OUTPUT_HLS/AUDIO_HLS/audio_151.ts' for writing
[hls @ 0x149f06e30] Opening 'OUTPUT_HLS/AUDIO_HLS/audio_1.m3u8.tmp' for writing
[hls @ 0x149f06e30] Opening 'OUTPUT_HLS/AUDIO_HLS/audio_152.ts' for writing
[hls @ 0x149f06e30] Opening 'OUTPUT_HLS/AUDIO_HLS/audio_1.m3u8.tmp' for writing
[hls @ 0x149f06e30] Opening 'OUTPUT_HLS/AUDIO_HLS/audio_153.ts' for writing
[hls @ 0x149f06e30] Opening 'OUTPUT_HLS/AUDIO_HLS/audio_1.m3u8.tmp' for writing
[hls @ 0x149f06e30] Opening 'OUTPUT_HLS/AUDIO_HLS/audio_154.ts' for writing
[hls @ 0x149f06e30] Opening 'OUTPUT_HLS/AUDIO_HLS/audio_1.m3u8.tmp' for writing
[hls @ 0x149f06e30] Opening 'OUTPUT_HLS/AUDIO_HLS/audio_155.ts' for writing
[hls @ 0x149f06e30] Opening 'OUTPUT_HLS/AUDIO_HLS/audio_1.m3u8.tmp' for writing
size=N/A time=00:09:23.47 bitrate=N/A speed= 124x    [hls @ 0x149f06e30] Opening 'OUTPUT_HLS/AUDIO_HLS/audio_156.ts' for writing
[hls @ 0x149f06e30] Opening 'OUTPUT_HLS/AUDIO_HLS/audio_1.m3u8.tmp' for writing
[hls @ 0x149f06e30] Opening 'OUTPUT_HLS/AUDIO_HLS/audio_157.ts' for writing
[hls @ 0x149f06e30] Opening 'OUTPUT_HLS/AUDIO_HLS/audio_1.m3u8.tmp' for writing
[hls @ 0x149f06e30] Opening 'OUTPUT_HLS/AUDIO_HLS/audio_158.ts' for writing
[hls @ 0x149f06e30] Opening 'OUTPUT_HLS/AUDIO_HLS/audio_1.m3u8.tmp' for writing
[hls @ 0x149f06e30] Opening 'OUTPUT_HLS/AUDIO_HLS/audio_159.ts' for writing
[hls @ 0x149f06e30] Opening 'OUTPUT_HLS/AUDIO_HLS/audio_1.m3u8.tmp' for writing
[hls @ 0x149f06e30] Opening 'OUTPUT_HLS/AUDIO_HLS/audio_160.ts' for writing
[hls @ 0x149f06e30] Opening 'OUTPUT_HLS/AUDIO_HLS/audio_1.m3u8.tmp' for writing
[hls @ 0x149f06e30] Opening 'OUTPUT_HLS/AUDIO_HLS/audio_161.ts' for writing
[hls @ 0x149f06e30] Opening 'OUTPUT_HLS/AUDIO_HLS/audio_1.m3u8.tmp' for writing
size=N/A time=00:10:26.31 bitrate=N/A speed= 124x    [hls @ 0x149f06e30] Opening 'OUTPUT_HLS/AUDIO_HLS/audio_162.ts' for writing
[hls @ 0x149f06e30] Opening 'OUTPUT_HLS/AUDIO_HLS/audio_1.m3u8.tmp' for writing
[hls @ 0x149f06e30] Opening 'OUTPUT_HLS/AUDIO_HLS/audio_163.ts' for writing
[hls @ 0x149f06e30] Opening 'OUTPUT_HLS/AUDIO_HLS/audio_1.m3u8.tmp' for writing
[hls @ 0x149f06e30] Opening 'OUTPUT_HLS/AUDIO_HLS/audio_164.ts' for writing
[hls @ 0x149f06e30] Opening 'OUTPUT_HLS/AUDIO_HLS/audio_1.m3u8.tmp' for writing
[hls @ 0x149f06e30] Opening 'OUTPUT_HLS/AUDIO_HLS/audio_165.ts' for writing
[hls @ 0x149f06e30] Opening 'OUTPUT_HLS/AUDIO_HLS/audio_1.m3u8.tmp' for writing
[out#0/hls @ 0x600001f24180] video:0KiB audio:10172KiB subtitle:0KiB other streams:0KiB global headers:0KiB muxing overhead: unknown
size=N/A time=00:10:58.26 bitrate=N/A speed= 124x    
[aac @ 0x149f07920] Qavg: 7790.880
