ffmpeg version 7.1.1 Copyright (c) 2000-2025 the FFmpeg developers
  built with Apple clang version 16.0.0 (clang-1600.0.26.6)
  configuration: --prefix=/opt/homebrew/Cellar/ffmpeg/7.1.1_1 --enable-shared --enable-pthreads --enable-version3 --cc=clang --host-cflags= --host-ldflags='-Wl,-ld_classic' --enable-ffplay --enable-gnutls --enable-gpl --enable-libaom --enable-libaribb24 --enable-libbluray --enable-libdav1d --enable-libharfbuzz --enable-libjxl --enable-libmp3lame --enable-libopus --enable-librav1e --enable-librist --enable-librubberband --enable-libsnappy --enable-libsrt --enable-libssh --enable-libsvtav1 --enable-libtesseract --enable-libtheora --enable-libvidstab --enable-libvmaf --enable-libvorbis --enable-libvpx --enable-libwebp --enable-libx264 --enable-libx265 --enable-libxml2 --enable-libxvid --enable-lzma --enable-libfontconfig --enable-libfreetype --enable-frei0r --enable-libass --enable-libopencore-amrnb --enable-libopencore-amrwb --enable-libopenjpeg --enable-libspeex --enable-libsoxr --enable-libzmq --enable-libzimg --disable-libjack --disable-indev=jack --enable-videotoolbox --enable-audiotoolbox --enable-neon
  libavutil      59. 39.100 / 59. 39.100
  libavcodec     61. 19.101 / 61. 19.101
  libavformat    61.  7.100 / 61.  7.100
  libavdevice    61.  3.100 / 61.  3.100
  libavfilter    10.  4.100 / 10.  4.100
  libswscale      8.  3.100 /  8.  3.100
  libswresample   5.  3.100 /  5.  3.100
  libpostproc    58.  3.100 / 58.  3.100
Input #0, mov,mp4,m4a,3gp,3g2,mj2, from 'video_20250327_153937.mp4':
  Metadata:
    major_brand     : isom
    minor_version   : 512
    compatible_brands: isomiso2avc1mp41
    encoder         : Lavf61.7.100
  Duration: 00:10:58.24, start: 0.000000, bitrate: 3325 kb/s
  Stream #0:0[0x1](und): Video: h264 (High) (avc1 / 0x31637661), yuv420p(tv, bt709, progressive), 1280x720 [SAR 1024:1024 DAR 16:9], 2956 kb/s, 24 fps, 24 tbr, 90k tbn (default)
      Metadata:
        handler_name    : VideoHandler
        vendor_id       : [0][0][0][0]
  Stream #0:1[0x2]: Audio: aac (LC) (mp4a / 0x6134706D), 44100 Hz, stereo, fltp, 130 kb/s (default)
      Metadata:
        handler_name    : SoundHandler
        vendor_id       : [0][0][0][0]
  Stream #0:2[0x3]: Audio: aac (LC) (mp4a / 0x6134706D), 44100 Hz, stereo, fltp, 126 kb/s
      Metadata:
        handler_name    : SoundHandler
        vendor_id       : [0][0][0][0]
  Stream #0:3[0x4]: Audio: aac (LC) (mp4a / 0x6134706D), 44100 Hz, stereo, fltp, 122 kb/s
      Metadata:
        handler_name    : SoundHandler
        vendor_id       : [0][0][0][0]
Stream mapping:
  Stream #0:2 -> #0:0 (aac (native) -> aac (native))
Press [q] to stop, [?] for help
Output #0, adts, to 'OUTPUT_HLS/AUDIO_HLS/audio_1.aac':
  Metadata:
    major_brand     : isom
    minor_version   : 512
    compatible_brands: isomiso2avc1mp41
    encoder         : Lavf61.7.100
  Stream #0:0: Audio: aac (LC), 44100 Hz, stereo, fltp, 128 kb/s
      Metadata:
        handler_name    : SoundHandler
        vendor_id       : [0][0][0][0]
        encoder         : Lavc61.19.101 aac
size=     768KiB time=00:01:03.97 bitrate=  98.3kbits/s speed= 127x    size=    2048KiB time=00:02:11.09 bitrate= 128.0kbits/s speed= 130x    size=    2816KiB time=00:03:10.33 bitrate= 121.2kbits/s speed= 126x    size=    3584KiB time=00:04:00.86 bitrate= 121.9kbits/s speed= 119x    size=    4864KiB time=00:05:06.85 bitrate= 129.9kbits/s speed= 122x    size=    5632KiB time=00:06:09.82 bitrate= 124.8kbits/s speed= 122x    size=    6912KiB time=00:07:17.32 bitrate= 129.5kbits/s speed= 124x    size=    7680KiB time=00:08:18.95 bitrate= 126.1kbits/s speed= 123x    size=    8960KiB time=00:09:24.38 bitrate= 130.1kbits/s speed= 124x    size=    9728KiB time=00:10:28.54 bitrate= 126.8kbits/s speed= 124x    [out#0/adts @ 0x60000045c540] video:0KiB audio:10182KiB subtitle:0KiB other streams:0KiB global headers:0KiB muxing overhead: 1.903353%
size=   10375KiB time=00:10:58.23 bitrate= 129.1kbits/s speed= 125x    
[aac @ 0x12461c6e0] Qavg: 6959.372
