ffmpeg version 7.1.1 Copyright (c) 2000-2025 the FFmpeg developers
  built with Apple clang version 16.0.0 (clang-1600.0.26.6)
  configuration: --prefix=/opt/homebrew/Cellar/ffmpeg/7.1.1_1 --enable-shared --enable-pthreads --enable-version3 --cc=clang --host-cflags= --host-ldflags='-Wl,-ld_classic' --enable-ffplay --enable-gnutls --enable-gpl --enable-libaom --enable-libaribb24 --enable-libbluray --enable-libdav1d --enable-libharfbuzz --enable-libjxl --enable-libmp3lame --enable-libopus --enable-librav1e --enable-librist --enable-librubberband --enable-libsnappy --enable-libsrt --enable-libssh --enable-libsvtav1 --enable-libtesseract --enable-libtheora --enable-libvidstab --enable-libvmaf --enable-libvorbis --enable-libvpx --enable-libwebp --enable-libx264 --enable-libx265 --enable-libxml2 --enable-libxvid --enable-lzma --enable-libfontconfig --enable-libfreetype --enable-frei0r --enable-libass --enable-libopencore-amrnb --enable-libopencore-amrwb --enable-libopenjpeg --enable-libspeex --enable-libsoxr --enable-libzmq --enable-libzimg --disable-libjack --disable-indev=jack --enable-videotoolbox --enable-audiotoolbox --enable-neon
  libavutil      59. 39.100 / 59. 39.100
  libavcodec     61. 19.101 / 61. 19.101
  libavformat    61.  7.100 / 61.  7.100
  libavdevice    61.  3.100 / 61.  3.100
  libavfilter    10.  4.100 / 10.  4.100
  libswscale      8.  3.100 /  8.  3.100
  libswresample   5.  3.100 /  5.  3.100
  libpostproc    58.  3.100 / 58.  3.100
Input #0, mov,mp4,m4a,3gp,3g2,mj2, from 'OUTPUT_HLS/AUDIO_HLS/audio_0.m4a':
  Metadata:
    major_brand     : isom
    minor_version   : 512
    compatible_brands: isomiso2mp41
    encoder         : Lavf61.7.100
  Duration: 00:10:53.83, start: 0.000000, bitrate: 131 kb/s
  Stream #0:0[0x1](und): Audio: aac (LC) (mp4a / 0x6134706D), 44100 Hz, stereo, fltp, 129 kb/s (default)
      Metadata:
        handler_name    : SoundHandler
        vendor_id       : [0][0][0][0]
Stream mapping:
  Stream #0:0 -> #0:0 (copy)
[mpegts @ 0x13470abd0] frame size not set
Output #0, hls, to 'OUTPUT_HLS/AUDIO_HLS/audio_0.m3u8':
  Metadata:
    major_brand     : isom
    minor_version   : 512
    compatible_brands: isomiso2mp41
    encoder         : Lavf61.7.100
  Stream #0:0(und): Audio: aac (LC) (mp4a / 0x6134706D), 44100 Hz, stereo, fltp, 129 kb/s (default)
      Metadata:
        handler_name    : SoundHandler
        vendor_id       : [0][0][0][0]
Press [q] to stop, [?] for help
[hls @ 0x134707620] Opening 'OUTPUT_HLS/AUDIO_HLS/audio_00.ts' for writing
[hls @ 0x134707620] Opening 'OUTPUT_HLS/AUDIO_HLS/audio_0.m3u8.tmp' for writing
[hls @ 0x134707620] Opening 'OUTPUT_HLS/AUDIO_HLS/audio_01.ts' for writing
[hls @ 0x134707620] Opening 'OUTPUT_HLS/AUDIO_HLS/audio_0.m3u8.tmp' for writing
[hls @ 0x134707620] Opening 'OUTPUT_HLS/AUDIO_HLS/audio_02.ts' for writing
[hls @ 0x134707620] Opening 'OUTPUT_HLS/AUDIO_HLS/audio_0.m3u8.tmp' for writing
[hls @ 0x134707620] Opening 'OUTPUT_HLS/AUDIO_HLS/audio_03.ts' for writing
[hls @ 0x134707620] Opening 'OUTPUT_HLS/AUDIO_HLS/audio_0.m3u8.tmp' for writing
[hls @ 0x134707620] Opening 'OUTPUT_HLS/AUDIO_HLS/audio_04.ts' for writing
[hls @ 0x134707620] Opening 'OUTPUT_HLS/AUDIO_HLS/audio_0.m3u8.tmp' for writing
[hls @ 0x134707620] Opening 'OUTPUT_HLS/AUDIO_HLS/audio_05.ts' for writing
[hls @ 0x134707620] Opening 'OUTPUT_HLS/AUDIO_HLS/audio_0.m3u8.tmp' for writing
[hls @ 0x134707620] Opening 'OUTPUT_HLS/AUDIO_HLS/audio_06.ts' for writing
[hls @ 0x134707620] Opening 'OUTPUT_HLS/AUDIO_HLS/audio_0.m3u8.tmp' for writing
[hls @ 0x134707620] Opening 'OUTPUT_HLS/AUDIO_HLS/audio_07.ts' for writing
[hls @ 0x134707620] Opening 'OUTPUT_HLS/AUDIO_HLS/audio_0.m3u8.tmp' for writing
[hls @ 0x134707620] Opening 'OUTPUT_HLS/AUDIO_HLS/audio_08.ts' for writing
[hls @ 0x134707620] Opening 'OUTPUT_HLS/AUDIO_HLS/audio_0.m3u8.tmp' for writing
[hls @ 0x134707620] Opening 'OUTPUT_HLS/AUDIO_HLS/audio_09.ts' for writing
[hls @ 0x134707620] Opening 'OUTPUT_HLS/AUDIO_HLS/audio_0.m3u8.tmp' for writing
[hls @ 0x134707620] Opening 'OUTPUT_HLS/AUDIO_HLS/audio_010.ts' for writing
[hls @ 0x134707620] Opening 'OUTPUT_HLS/AUDIO_HLS/audio_0.m3u8.tmp' for writing
[hls @ 0x134707620] Opening 'OUTPUT_HLS/AUDIO_HLS/audio_011.ts' for writing
[hls @ 0x134707620] Opening 'OUTPUT_HLS/AUDIO_HLS/audio_0.m3u8.tmp' for writing
[hls @ 0x134707620] Opening 'OUTPUT_HLS/AUDIO_HLS/audio_012.ts' for writing
[hls @ 0x134707620] Opening 'OUTPUT_HLS/AUDIO_HLS/audio_0.m3u8.tmp' for writing
[hls @ 0x134707620] Opening 'OUTPUT_HLS/AUDIO_HLS/audio_013.ts' for writing
[hls @ 0x134707620] Opening 'OUTPUT_HLS/AUDIO_HLS/audio_0.m3u8.tmp' for writing
[hls @ 0x134707620] Opening 'OUTPUT_HLS/AUDIO_HLS/audio_014.ts' for writing
[hls @ 0x134707620] Opening 'OUTPUT_HLS/AUDIO_HLS/audio_0.m3u8.tmp' for writing
[hls @ 0x134707620] Opening 'OUTPUT_HLS/AUDIO_HLS/audio_015.ts' for writing
[hls @ 0x134707620] Opening 'OUTPUT_HLS/AUDIO_HLS/audio_0.m3u8.tmp' for writing
[hls @ 0x134707620] Opening 'OUTPUT_HLS/AUDIO_HLS/audio_016.ts' for writing
[hls @ 0x134707620] Opening 'OUTPUT_HLS/AUDIO_HLS/audio_0.m3u8.tmp' for writing
[hls @ 0x134707620] Opening 'OUTPUT_HLS/AUDIO_HLS/audio_017.ts' for writing
[hls @ 0x134707620] Opening 'OUTPUT_HLS/AUDIO_HLS/audio_0.m3u8.tmp' for writing
[hls @ 0x134707620] Opening 'OUTPUT_HLS/AUDIO_HLS/audio_018.ts' for writing
[hls @ 0x134707620] Opening 'OUTPUT_HLS/AUDIO_HLS/audio_0.m3u8.tmp' for writing
[hls @ 0x134707620] Opening 'OUTPUT_HLS/AUDIO_HLS/audio_019.ts' for writing
[hls @ 0x134707620] Opening 'OUTPUT_HLS/AUDIO_HLS/audio_0.m3u8.tmp' for writing
[hls @ 0x134707620] Opening 'OUTPUT_HLS/AUDIO_HLS/audio_020.ts' for writing
[hls @ 0x134707620] Opening 'OUTPUT_HLS/AUDIO_HLS/audio_0.m3u8.tmp' for writing
[hls @ 0x134707620] Opening 'OUTPUT_HLS/AUDIO_HLS/audio_021.ts' for writing
[hls @ 0x134707620] Opening 'OUTPUT_HLS/AUDIO_HLS/audio_0.m3u8.tmp' for writing
[hls @ 0x134707620] Opening 'OUTPUT_HLS/AUDIO_HLS/audio_022.ts' for writing
[hls @ 0x134707620] Opening 'OUTPUT_HLS/AUDIO_HLS/audio_0.m3u8.tmp' for writing
[hls @ 0x134707620] Opening 'OUTPUT_HLS/AUDIO_HLS/audio_023.ts' for writing
[hls @ 0x134707620] Opening 'OUTPUT_HLS/AUDIO_HLS/audio_0.m3u8.tmp' for writing
[hls @ 0x134707620] Opening 'OUTPUT_HLS/AUDIO_HLS/audio_024.ts' for writing
[hls @ 0x134707620] Opening 'OUTPUT_HLS/AUDIO_HLS/audio_0.m3u8.tmp' for writing
[hls @ 0x134707620] Opening 'OUTPUT_HLS/AUDIO_HLS/audio_025.ts' for writing
[hls @ 0x134707620] Opening 'OUTPUT_HLS/AUDIO_HLS/audio_0.m3u8.tmp' for writing
[hls @ 0x134707620] Opening 'OUTPUT_HLS/AUDIO_HLS/audio_026.ts' for writing
[hls @ 0x134707620] Opening 'OUTPUT_HLS/AUDIO_HLS/audio_0.m3u8.tmp' for writing
[hls @ 0x134707620] Opening 'OUTPUT_HLS/AUDIO_HLS/audio_027.ts' for writing
[hls @ 0x134707620] Opening 'OUTPUT_HLS/AUDIO_HLS/audio_0.m3u8.tmp' for writing
[hls @ 0x134707620] Opening 'OUTPUT_HLS/AUDIO_HLS/audio_028.ts' for writing
[hls @ 0x134707620] Opening 'OUTPUT_HLS/AUDIO_HLS/audio_0.m3u8.tmp' for writing
[hls @ 0x134707620] Opening 'OUTPUT_HLS/AUDIO_HLS/audio_029.ts' for writing
[hls @ 0x134707620] Opening 'OUTPUT_HLS/AUDIO_HLS/audio_0.m3u8.tmp' for writing
[hls @ 0x134707620] Opening 'OUTPUT_HLS/AUDIO_HLS/audio_030.ts' for writing
[hls @ 0x134707620] Opening 'OUTPUT_HLS/AUDIO_HLS/audio_0.m3u8.tmp' for writing
[hls @ 0x134707620] Opening 'OUTPUT_HLS/AUDIO_HLS/audio_031.ts' for writing
[hls @ 0x134707620] Opening 'OUTPUT_HLS/AUDIO_HLS/audio_0.m3u8.tmp' for writing
[hls @ 0x134707620] Opening 'OUTPUT_HLS/AUDIO_HLS/audio_032.ts' for writing
[hls @ 0x134707620] Opening 'OUTPUT_HLS/AUDIO_HLS/audio_0.m3u8.tmp' for writing
[hls @ 0x134707620] Opening 'OUTPUT_HLS/AUDIO_HLS/audio_033.ts' for writing
[hls @ 0x134707620] Opening 'OUTPUT_HLS/AUDIO_HLS/audio_0.m3u8.tmp' for writing
[hls @ 0x134707620] Opening 'OUTPUT_HLS/AUDIO_HLS/audio_034.ts' for writing
[hls @ 0x134707620] Opening 'OUTPUT_HLS/AUDIO_HLS/audio_0.m3u8.tmp' for writing
[hls @ 0x134707620] Opening 'OUTPUT_HLS/AUDIO_HLS/audio_035.ts' for writing
[hls @ 0x134707620] Opening 'OUTPUT_HLS/AUDIO_HLS/audio_0.m3u8.tmp' for writing
[hls @ 0x134707620] Opening 'OUTPUT_HLS/AUDIO_HLS/audio_036.ts' for writing
[hls @ 0x134707620] Opening 'OUTPUT_HLS/AUDIO_HLS/audio_0.m3u8.tmp' for writing
[hls @ 0x134707620] Opening 'OUTPUT_HLS/AUDIO_HLS/audio_037.ts' for writing
[hls @ 0x134707620] Opening 'OUTPUT_HLS/AUDIO_HLS/audio_0.m3u8.tmp' for writing
[hls @ 0x134707620] Opening 'OUTPUT_HLS/AUDIO_HLS/audio_038.ts' for writing
[hls @ 0x134707620] Opening 'OUTPUT_HLS/AUDIO_HLS/audio_0.m3u8.tmp' for writing
[hls @ 0x134707620] Opening 'OUTPUT_HLS/AUDIO_HLS/audio_039.ts' for writing
[hls @ 0x134707620] Opening 'OUTPUT_HLS/AUDIO_HLS/audio_0.m3u8.tmp' for writing
[hls @ 0x134707620] Opening 'OUTPUT_HLS/AUDIO_HLS/audio_040.ts' for writing
[hls @ 0x134707620] Opening 'OUTPUT_HLS/AUDIO_HLS/audio_0.m3u8.tmp' for writing
[hls @ 0x134707620] Opening 'OUTPUT_HLS/AUDIO_HLS/audio_041.ts' for writing
[hls @ 0x134707620] Opening 'OUTPUT_HLS/AUDIO_HLS/audio_0.m3u8.tmp' for writing
[hls @ 0x134707620] Opening 'OUTPUT_HLS/AUDIO_HLS/audio_042.ts' for writing
[hls @ 0x134707620] Opening 'OUTPUT_HLS/AUDIO_HLS/audio_0.m3u8.tmp' for writing
[hls @ 0x134707620] Opening 'OUTPUT_HLS/AUDIO_HLS/audio_043.ts' for writing
[hls @ 0x134707620] Opening 'OUTPUT_HLS/AUDIO_HLS/audio_0.m3u8.tmp' for writing
[hls @ 0x134707620] Opening 'OUTPUT_HLS/AUDIO_HLS/audio_044.ts' for writing
[hls @ 0x134707620] Opening 'OUTPUT_HLS/AUDIO_HLS/audio_0.m3u8.tmp' for writing
[hls @ 0x134707620] Opening 'OUTPUT_HLS/AUDIO_HLS/audio_045.ts' for writing
[hls @ 0x134707620] Opening 'OUTPUT_HLS/AUDIO_HLS/audio_0.m3u8.tmp' for writing
[hls @ 0x134707620] Opening 'OUTPUT_HLS/AUDIO_HLS/audio_046.ts' for writing
[hls @ 0x134707620] Opening 'OUTPUT_HLS/AUDIO_HLS/audio_0.m3u8.tmp' for writing
[hls @ 0x134707620] Opening 'OUTPUT_HLS/AUDIO_HLS/audio_047.ts' for writing
[hls @ 0x134707620] Opening 'OUTPUT_HLS/AUDIO_HLS/audio_0.m3u8.tmp' for writing
[hls @ 0x134707620] Opening 'OUTPUT_HLS/AUDIO_HLS/audio_048.ts' for writing
[hls @ 0x134707620] Opening 'OUTPUT_HLS/AUDIO_HLS/audio_0.m3u8.tmp' for writing
[hls @ 0x134707620] Opening 'OUTPUT_HLS/AUDIO_HLS/audio_049.ts' for writing
[hls @ 0x134707620] Opening 'OUTPUT_HLS/AUDIO_HLS/audio_0.m3u8.tmp' for writing
[hls @ 0x134707620] Opening 'OUTPUT_HLS/AUDIO_HLS/audio_050.ts' for writing
[hls @ 0x134707620] Opening 'OUTPUT_HLS/AUDIO_HLS/audio_0.m3u8.tmp' for writing
[hls @ 0x134707620] Opening 'OUTPUT_HLS/AUDIO_HLS/audio_051.ts' for writing
[hls @ 0x134707620] Opening 'OUTPUT_HLS/AUDIO_HLS/audio_0.m3u8.tmp' for writing
[hls @ 0x134707620] Opening 'OUTPUT_HLS/AUDIO_HLS/audio_052.ts' for writing
[hls @ 0x134707620] Opening 'OUTPUT_HLS/AUDIO_HLS/audio_0.m3u8.tmp' for writing
[hls @ 0x134707620] Opening 'OUTPUT_HLS/AUDIO_HLS/audio_053.ts' for writing
[hls @ 0x134707620] Opening 'OUTPUT_HLS/AUDIO_HLS/audio_0.m3u8.tmp' for writing
[hls @ 0x134707620] Opening 'OUTPUT_HLS/AUDIO_HLS/audio_054.ts' for writing
[hls @ 0x134707620] Opening 'OUTPUT_HLS/AUDIO_HLS/audio_0.m3u8.tmp' for writing
[hls @ 0x134707620] Opening 'OUTPUT_HLS/AUDIO_HLS/audio_055.ts' for writing
[hls @ 0x134707620] Opening 'OUTPUT_HLS/AUDIO_HLS/audio_0.m3u8.tmp' for writing
[hls @ 0x134707620] Opening 'OUTPUT_HLS/AUDIO_HLS/audio_056.ts' for writing
[hls @ 0x134707620] Opening 'OUTPUT_HLS/AUDIO_HLS/audio_0.m3u8.tmp' for writing
[hls @ 0x134707620] Opening 'OUTPUT_HLS/AUDIO_HLS/audio_057.ts' for writing
[hls @ 0x134707620] Opening 'OUTPUT_HLS/AUDIO_HLS/audio_0.m3u8.tmp' for writing
[hls @ 0x134707620] Opening 'OUTPUT_HLS/AUDIO_HLS/audio_058.ts' for writing
[hls @ 0x134707620] Opening 'OUTPUT_HLS/AUDIO_HLS/audio_0.m3u8.tmp' for writing
[hls @ 0x134707620] Opening 'OUTPUT_HLS/AUDIO_HLS/audio_059.ts' for writing
[hls @ 0x134707620] Opening 'OUTPUT_HLS/AUDIO_HLS/audio_0.m3u8.tmp' for writing
[hls @ 0x134707620] Opening 'OUTPUT_HLS/AUDIO_HLS/audio_060.ts' for writing
[hls @ 0x134707620] Opening 'OUTPUT_HLS/AUDIO_HLS/audio_0.m3u8.tmp' for writing
[hls @ 0x134707620] Opening 'OUTPUT_HLS/AUDIO_HLS/audio_061.ts' for writing
[hls @ 0x134707620] Opening 'OUTPUT_HLS/AUDIO_HLS/audio_0.m3u8.tmp' for writing
[hls @ 0x134707620] Opening 'OUTPUT_HLS/AUDIO_HLS/audio_062.ts' for writing
[hls @ 0x134707620] Opening 'OUTPUT_HLS/AUDIO_HLS/audio_0.m3u8.tmp' for writing
[hls @ 0x134707620] Opening 'OUTPUT_HLS/AUDIO_HLS/audio_063.ts' for writing
[hls @ 0x134707620] Opening 'OUTPUT_HLS/AUDIO_HLS/audio_0.m3u8.tmp' for writing
[hls @ 0x134707620] Opening 'OUTPUT_HLS/AUDIO_HLS/audio_064.ts' for writing
[hls @ 0x134707620] Opening 'OUTPUT_HLS/AUDIO_HLS/audio_0.m3u8.tmp' for writing
[hls @ 0x134707620] Opening 'OUTPUT_HLS/AUDIO_HLS/audio_065.ts' for writing
[hls @ 0x134707620] Opening 'OUTPUT_HLS/AUDIO_HLS/audio_0.m3u8.tmp' for writing
[out#0/hls @ 0x134707f40] video:0KiB audio:10353KiB subtitle:0KiB other streams:0KiB global headers:0KiB muxing overhead: unknown
size=N/A time=00:10:53.82 bitrate=N/A speed=1.13e+04x    
